build/app/intermediates/manifest_merge_blame_file/debug/manifest-merger-blame-debug-report.txt
1<?xml version="1.0" encoding="utf-8"?>
2<manifest xmlns:android="http://schemas.android.com/apk/res/android"
3    package="com.example.pomodoroua_flutter"
4    android:versionCode="1"
5    android:versionName="1.0.0" >
6
7    <uses-sdk
8        android:minSdkVersion="23"
9        android:targetSdkVersion="29" />
10    <!--
11         Flutter needs it to communicate with the running application
12         to allow setting breakpoints, to provide hot reload, etc.
13    -->
14    <uses-permission android:name="android.permission.INTERNET" />
14-->src\main\AndroidManifest.xml:3:5-66
14-->src\main\AndroidManifest.xml:3:22-64
15    <uses-permission android:name="android.permission.RECEIVE_BOOT_COMPLETED" />
15-->src\main\AndroidManifest.xml:4:5-80
15-->src\main\AndroidManifest.xml:4:22-78
16    <uses-permission android:name="android.permission.WAKE_LOCK" />
16-->src\main\AndroidManifest.xml:5:5-68
16-->src\main\AndroidManifest.xml:5:22-65
17    <uses-permission android:name="android.permission.READ_EXTERNAL_STORAGE" />
17-->[:image_picker] AndroidManifest.xml:7:5-80
17-->[:image_picker] AndroidManifest.xml:7:22-77
18    <uses-permission android:name="android.permission.WRITE_EXTERNAL_STORAGE" />
18-->[:image_picker] AndroidManifest.xml:8:5-81
18-->[:image_picker] AndroidManifest.xml:8:22-78
19    <uses-permission android:name="android.permission.CAMERA" />
19-->[:camera] AndroidManifest.xml:7:5-65
19-->[:camera] AndroidManifest.xml:7:22-62
20    <uses-permission android:name="android.permission.RECORD_AUDIO" />
20-->[:camera] AndroidManifest.xml:8:5-71
20-->[:camera] AndroidManifest.xml:8:22-68
21    <uses-permission android:name="android.permission.VIBRATE" />
21-->[:flutter_local_notifications] AndroidManifest.xml:8:5-66
21-->[:flutter_local_notifications] AndroidManifest.xml:8:22-63
22    <uses-permission android:name="android.permission.USE_FULL_SCREEN_INTENT" />
22-->[:flutter_local_notifications] AndroidManifest.xml:9:5-81
22-->[:flutter_local_notifications] AndroidManifest.xml:9:22-78
23    <uses-permission android:name="android.permission.ACCESS_NETWORK_STATE" />
23-->[com.google.firebase:firebase-auth:20.0.1] AndroidManifest.xml:24:5-79
23-->[com.google.firebase:firebase-auth:20.0.1] AndroidManifest.xml:24:22-76
24    <uses-permission android:name="com.google.android.finsky.permission.BIND_GET_INSTALL_REFERRER_SERVICE" />
24-->[com.google.android.gms:play-services-measurement:18.0.0] AndroidManifest.xml:26:5-110
24-->[com.google.android.gms:play-services-measurement:18.0.0] AndroidManifest.xml:26:22-107
25
26    <application
26-->src\main\AndroidManifest.xml:6:4-49:19
27        android:appComponentFactory="androidx.core.app.CoreComponentFactory"
27-->[androidx.core:core:1.3.0] AndroidManifest.xml:24:18-86
28        android:debuggable="true"
29        android:icon="@mipmap/ic_launcher"
29-->src\main\AndroidManifest.xml:8:9-43
30        android:label="pomodoroua_flutter" >
30-->src\main\AndroidManifest.xml:7:9-43
31        <activity
31-->src\main\AndroidManifest.xml:10:9-41:20
32            android:name="com.example.pomodoroua_flutter.MainActivity"
32-->src\main\AndroidManifest.xml:12:13-41
33            android:configChanges="orientation|keyboardHidden|keyboard|screenSize|smallestScreenSize|locale|layoutDirection|fontScale|screenLayout|density|uiMode"
33-->src\main\AndroidManifest.xml:15:13-163
34            android:hardwareAccelerated="true"
34-->src\main\AndroidManifest.xml:16:13-47
35            android:launchMode="singleTop"
35-->src\main\AndroidManifest.xml:13:13-43
36            android:theme="@style/LaunchTheme" >
36-->src\main\AndroidManifest.xml:14:13-47
37
38            <!--
39                 Specifies an Android theme to apply to this Activity as soon as
40                 the Android process has started. This theme is visible to the user
41                 while the Flutter UI initializes. After that, this theme continues
42                 to determine the Window background behind the Flutter UI.
43            -->
44
45            <meta-data
45-->src\main\AndroidManifest.xml:23:13-26:17
46                android:name="io.flutter.embedding.android.NormalTheme"
46-->src\main\AndroidManifest.xml:24:15-70
47                android:resource="@style/NormalTheme" />
47-->src\main\AndroidManifest.xml:25:15-52
48            <!--
49                 Displays an Android View that continues showing the launch screen
50                 Drawable until Flutter paints its first frame, then this splash
51                 screen fades out. A splash screen is useful to avoid any visual
52                 gap between the end of Android's launch screen and the painting of
53                 Flutter's first frame.
54            -->
55            <meta-data
55-->src\main\AndroidManifest.xml:32:13-35:17
56                android:name="io.flutter.embedding.android.SplashScreenDrawable"
56-->src\main\AndroidManifest.xml:33:15-79
57                android:resource="@drawable/launch_background" />
57-->src\main\AndroidManifest.xml:34:15-61
58
59            <intent-filter>
59-->src\main\AndroidManifest.xml:36:13-39:29
60                <action android:name="android.intent.action.MAIN" />
60-->src\main\AndroidManifest.xml:37:17-68
60-->src\main\AndroidManifest.xml:37:25-66
61
62                <category android:name="android.intent.category.LAUNCHER" />
62-->src\main\AndroidManifest.xml:38:17-76
62-->src\main\AndroidManifest.xml:38:27-74
63            </intent-filter>
64        </activity>
65        <!--
66             Don't delete the meta-data below.
67             This is used by the Flutter tool to generate GeneratedPluginRegistrant.java
68        -->
69        <meta-data
69-->src\main\AndroidManifest.xml:44:9-46:33
70            android:name="flutterEmbedding"
70-->src\main\AndroidManifest.xml:45:13-44
71            android:value="2" />
71-->src\main\AndroidManifest.xml:46:13-30
72
73        <provider
73-->[:image_picker] AndroidManifest.xml:11:9-19:20
74            android:name="io.flutter.plugins.imagepicker.ImagePickerFileProvider"
74-->[:image_picker] AndroidManifest.xml:12:13-82
75            android:authorities="com.example.pomodoroua_flutter.flutter.image_provider"
75-->[:image_picker] AndroidManifest.xml:13:13-74
76            android:exported="false"
76-->[:image_picker] AndroidManifest.xml:14:13-37
77            android:grantUriPermissions="true" >
77-->[:image_picker] AndroidManifest.xml:15:13-47
78            <meta-data
78-->[:image_picker] AndroidManifest.xml:16:13-18:75
79                android:name="android.support.FILE_PROVIDER_PATHS"
79-->[:image_picker] AndroidManifest.xml:17:17-67
80                android:resource="@xml/flutter_image_picker_file_paths" />
80-->[:image_picker] AndroidManifest.xml:18:17-72
81        </provider>
82
83        <activity
83-->[:url_launcher] AndroidManifest.xml:8:9-11:74
84            android:name="io.flutter.plugins.urllauncher.WebViewActivity"
84-->[:url_launcher] AndroidManifest.xml:9:13-74
85            android:exported="false"
85-->[:url_launcher] AndroidManifest.xml:10:13-37
86            android:theme="@android:style/Theme.NoTitleBar.Fullscreen" />
86-->[:url_launcher] AndroidManifest.xml:11:13-71
87
88        <receiver android:name="com.dexterous.flutterlocalnotifications.ScheduledNotificationReceiver" />
88-->[:flutter_local_notifications] AndroidManifest.xml:12:9-106
88-->[:flutter_local_notifications] AndroidManifest.xml:12:19-103
89        <receiver android:name="com.dexterous.flutterlocalnotifications.ScheduledNotificationBootReceiver" >
89-->[:flutter_local_notifications] AndroidManifest.xml:13:9-20:20
89-->[:flutter_local_notifications] AndroidManifest.xml:13:19-107
90            <intent-filter>
90-->[:flutter_local_notifications] AndroidManifest.xml:14:13-19:29
91                <action android:name="android.intent.action.BOOT_COMPLETED" />
91-->[:flutter_local_notifications] AndroidManifest.xml:15:17-79
91-->[:flutter_local_notifications] AndroidManifest.xml:15:25-76
92                <action android:name="android.intent.action.MY_PACKAGE_REPLACED" />
92-->[:flutter_local_notifications] AndroidManifest.xml:16:17-84
92-->[:flutter_local_notifications] AndroidManifest.xml:16:25-81
93                <action android:name="android.intent.action.QUICKBOOT_POWERON" />
93-->[:flutter_local_notifications] AndroidManifest.xml:17:17-82
93-->[:flutter_local_notifications] AndroidManifest.xml:17:25-79
94                <action android:name="com.htc.intent.action.QUICKBOOT_POWERON" />
94-->[:flutter_local_notifications] AndroidManifest.xml:18:17-82
94-->[:flutter_local_notifications] AndroidManifest.xml:18:25-79
95            </intent-filter>
96        </receiver>
97
98        <service
98-->[:firebase_database] AndroidManifest.xml:8:9-12:19
99            android:name="com.google.firebase.components.ComponentDiscoveryService"
99-->[:firebase_database] AndroidManifest.xml:8:18-89
100            android:directBootAware="true"
100-->[com.google.firebase:firebase-common:19.5.0] AndroidManifest.xml:35:13-43
101            android:exported="false" >
101-->[com.google.firebase:firebase-auth:20.0.1] AndroidManifest.xml:76:13-37
102            <meta-data
102-->[:firebase_database] AndroidManifest.xml:9:13-11:85
103                android:name="com.google.firebase.components:io.flutter.plugins.firebase.database.FlutterFirebaseAppRegistrar"
103-->[:firebase_database] AndroidManifest.xml:10:17-127
104                android:value="com.google.firebase.components.ComponentRegistrar" />
104-->[:firebase_database] AndroidManifest.xml:11:17-82
105            <meta-data
105-->[:firebase_auth] AndroidManifest.xml:9:13-11:85
106                android:name="com.google.firebase.components:io.flutter.plugins.firebase.auth.FlutterFirebaseAuthRegistrar"
106-->[:firebase_auth] AndroidManifest.xml:10:17-124
107                android:value="com.google.firebase.components.ComponentRegistrar" />
107-->[:firebase_auth] AndroidManifest.xml:11:17-82
108            <meta-data
108-->[:firebase_core] AndroidManifest.xml:9:13-11:85
109                android:name="com.google.firebase.components:io.flutter.plugins.firebase.core.FlutterFirebaseCoreRegistrar"
109-->[:firebase_core] AndroidManifest.xml:10:17-124
110                android:value="com.google.firebase.components.ComponentRegistrar" />
110-->[:firebase_core] AndroidManifest.xml:11:17-82
111            <meta-data
111-->[com.google.firebase:firebase-auth:20.0.1] AndroidManifest.xml:77:13-79:85
112                android:name="com.google.firebase.components:com.google.firebase.auth.FirebaseAuthRegistrar"
112-->[com.google.firebase:firebase-auth:20.0.1] AndroidManifest.xml:78:17-109
113                android:value="com.google.firebase.components.ComponentRegistrar" />
113-->[com.google.firebase:firebase-auth:20.0.1] AndroidManifest.xml:79:17-82
114            <meta-data
114-->[com.google.firebase:firebase-database:19.6.0] AndroidManifest.xml:32:13-34:85
115                android:name="com.google.firebase.components:com.google.firebase.database.DatabaseRegistrar"
115-->[com.google.firebase:firebase-database:19.6.0] AndroidManifest.xml:33:17-109
116                android:value="com.google.firebase.components.ComponentRegistrar" />
116-->[com.google.firebase:firebase-database:19.6.0] AndroidManifest.xml:34:17-82
117            <meta-data
117-->[com.google.android.gms:play-services-measurement-api:18.0.0] AndroidManifest.xml:30:13-32:85
118                android:name="com.google.firebase.components:com.google.firebase.analytics.connector.internal.AnalyticsConnectorRegistrar"
118-->[com.google.android.gms:play-services-measurement-api:18.0.0] AndroidManifest.xml:31:17-139
119                android:value="com.google.firebase.components.ComponentRegistrar" />
119-->[com.google.android.gms:play-services-measurement-api:18.0.0] AndroidManifest.xml:32:17-82
120            <meta-data
120-->[com.google.firebase:firebase-installations:16.3.5] AndroidManifest.xml:18:13-20:85
121                android:name="com.google.firebase.components:com.google.firebase.installations.FirebaseInstallationsRegistrar"
121-->[com.google.firebase:firebase-installations:16.3.5] AndroidManifest.xml:19:17-127
122                android:value="com.google.firebase.components.ComponentRegistrar" />
122-->[com.google.firebase:firebase-installations:16.3.5] AndroidManifest.xml:20:17-82
123            <!--
124                This registrar is not defined in the dynamic-module-support sdk itself to allow non-firebase
125                clients to use it as well, by defining this registrar in their own core/common library.
126            -->
127            <meta-data
127-->[com.google.firebase:firebase-common:19.5.0] AndroidManifest.xml:43:13-45:85
128                android:name="com.google.firebase.components:com.google.firebase.dynamicloading.DynamicLoadingRegistrar"
128-->[com.google.firebase:firebase-common:19.5.0] AndroidManifest.xml:44:17-121
129                android:value="com.google.firebase.components.ComponentRegistrar" />
129-->[com.google.firebase:firebase-common:19.5.0] AndroidManifest.xml:45:17-82
130        </service>
131
132        <activity
132-->[com.google.firebase:firebase-auth:20.0.1] AndroidManifest.xml:27:9-44:20
133            android:name="com.google.firebase.auth.internal.GenericIdpActivity"
133-->[com.google.firebase:firebase-auth:20.0.1] AndroidManifest.xml:28:13-80
134            android:excludeFromRecents="true"
134-->[com.google.firebase:firebase-auth:20.0.1] AndroidManifest.xml:29:13-46
135            android:exported="true"
135-->[com.google.firebase:firebase-auth:20.0.1] AndroidManifest.xml:30:13-36
136            android:launchMode="singleTask"
136-->[com.google.firebase:firebase-auth:20.0.1] AndroidManifest.xml:31:13-44
137            android:theme="@android:style/Theme.Translucent.NoTitleBar" >
137-->[com.google.firebase:firebase-auth:20.0.1] AndroidManifest.xml:32:13-72
138            <intent-filter>
138-->[com.google.firebase:firebase-auth:20.0.1] AndroidManifest.xml:33:13-43:29
139                <action android:name="android.intent.action.VIEW" />
139-->[com.google.firebase:firebase-auth:20.0.1] AndroidManifest.xml:34:17-69
139-->[com.google.firebase:firebase-auth:20.0.1] AndroidManifest.xml:34:25-66
140
141                <category android:name="android.intent.category.DEFAULT" />
141-->[com.google.firebase:firebase-auth:20.0.1] AndroidManifest.xml:36:17-76
141-->[com.google.firebase:firebase-auth:20.0.1] AndroidManifest.xml:36:27-73
142                <category android:name="android.intent.category.BROWSABLE" />
142-->[com.google.firebase:firebase-auth:20.0.1] AndroidManifest.xml:37:17-78
142-->[com.google.firebase:firebase-auth:20.0.1] AndroidManifest.xml:37:27-75
143
144                <data
144-->[com.google.firebase:firebase-auth:20.0.1] AndroidManifest.xml:39:17-42:51
145                    android:host="firebase.auth"
145-->[com.google.firebase:firebase-auth:20.0.1] AndroidManifest.xml:40:21-49
146                    android:path="/"
146-->[com.google.firebase:firebase-auth:20.0.1] AndroidManifest.xml:41:21-37
147                    android:scheme="genericidp" />
147-->[com.google.firebase:firebase-auth:20.0.1] AndroidManifest.xml:42:21-48
148            </intent-filter>
149        </activity>
150        <activity
150-->[com.google.firebase:firebase-auth:20.0.1] AndroidManifest.xml:45:9-62:20
151            android:name="com.google.firebase.auth.internal.RecaptchaActivity"
151-->[com.google.firebase:firebase-auth:20.0.1] AndroidManifest.xml:46:13-79
152            android:excludeFromRecents="true"
152-->[com.google.firebase:firebase-auth:20.0.1] AndroidManifest.xml:47:13-46
153            android:exported="true"
153-->[com.google.firebase:firebase-auth:20.0.1] AndroidManifest.xml:48:13-36
154            android:launchMode="singleTask"
154-->[com.google.firebase:firebase-auth:20.0.1] AndroidManifest.xml:49:13-44
155            android:theme="@android:style/Theme.Translucent.NoTitleBar" >
155-->[com.google.firebase:firebase-auth:20.0.1] AndroidManifest.xml:50:13-72
156            <intent-filter>
156-->[com.google.firebase:firebase-auth:20.0.1] AndroidManifest.xml:51:13-61:29
157                <action android:name="android.intent.action.VIEW" />
157-->[com.google.firebase:firebase-auth:20.0.1] AndroidManifest.xml:34:17-69
157-->[com.google.firebase:firebase-auth:20.0.1] AndroidManifest.xml:34:25-66
158
159                <category android:name="android.intent.category.DEFAULT" />
159-->[com.google.firebase:firebase-auth:20.0.1] AndroidManifest.xml:36:17-76
159-->[com.google.firebase:firebase-auth:20.0.1] AndroidManifest.xml:36:27-73
160                <category android:name="android.intent.category.BROWSABLE" />
160-->[com.google.firebase:firebase-auth:20.0.1] AndroidManifest.xml:37:17-78
160-->[com.google.firebase:firebase-auth:20.0.1] AndroidManifest.xml:37:27-75
161
162                <data
162-->[com.google.firebase:firebase-auth:20.0.1] AndroidManifest.xml:39:17-42:51
163                    android:host="firebase.auth"
163-->[com.google.firebase:firebase-auth:20.0.1] AndroidManifest.xml:40:21-49
164                    android:path="/"
164-->[com.google.firebase:firebase-auth:20.0.1] AndroidManifest.xml:41:21-37
165                    android:scheme="recaptcha" />
165-->[com.google.firebase:firebase-auth:20.0.1] AndroidManifest.xml:42:21-48
166            </intent-filter>
167        </activity>
168
169        <service
169-->[com.google.firebase:firebase-auth:20.0.1] AndroidManifest.xml:64:9-73:19
170            android:name="com.google.firebase.auth.api.fallback.service.FirebaseAuthFallbackService"
170-->[com.google.firebase:firebase-auth:20.0.1] AndroidManifest.xml:65:13-101
171            android:enabled="true"
171-->[com.google.firebase:firebase-auth:20.0.1] AndroidManifest.xml:66:13-35
172            android:exported="false" >
172-->[com.google.firebase:firebase-auth:20.0.1] AndroidManifest.xml:67:13-37
173            <intent-filter>
173-->[com.google.firebase:firebase-auth:20.0.1] AndroidManifest.xml:68:13-72:29
174                <action android:name="com.google.firebase.auth.api.gms.service.START" />
174-->[com.google.firebase:firebase-auth:20.0.1] AndroidManifest.xml:69:17-89
174-->[com.google.firebase:firebase-auth:20.0.1] AndroidManifest.xml:69:25-86
175
176                <category android:name="android.intent.category.DEFAULT" />
176-->[com.google.firebase:firebase-auth:20.0.1] AndroidManifest.xml:36:17-76
176-->[com.google.firebase:firebase-auth:20.0.1] AndroidManifest.xml:36:27-73
177            </intent-filter>
178        </service>
179
180        <activity
180-->[com.google.android.gms:play-services-base:17.1.0] AndroidManifest.xml:23:9-26:75
181            android:name="com.google.android.gms.common.api.GoogleApiActivity"
181-->[com.google.android.gms:play-services-base:17.1.0] AndroidManifest.xml:24:13-79
182            android:exported="false"
182-->[com.google.android.gms:play-services-base:17.1.0] AndroidManifest.xml:25:13-37
183            android:theme="@android:style/Theme.Translucent.NoTitleBar" />
183-->[com.google.android.gms:play-services-base:17.1.0] AndroidManifest.xml:26:13-72
184
185        <receiver
185-->[com.google.android.gms:play-services-measurement:18.0.0] AndroidManifest.xml:29:9-33:20
186            android:name="com.google.android.gms.measurement.AppMeasurementReceiver"
186-->[com.google.android.gms:play-services-measurement:18.0.0] AndroidManifest.xml:30:13-85
187            android:enabled="true"
187-->[com.google.android.gms:play-services-measurement:18.0.0] AndroidManifest.xml:31:13-35
188            android:exported="false" >
188-->[com.google.android.gms:play-services-measurement:18.0.0] AndroidManifest.xml:32:13-37
189        </receiver>
190
191        <service
191-->[com.google.android.gms:play-services-measurement:18.0.0] AndroidManifest.xml:35:9-38:40
192            android:name="com.google.android.gms.measurement.AppMeasurementService"
192-->[com.google.android.gms:play-services-measurement:18.0.0] AndroidManifest.xml:36:13-84
193            android:enabled="true"
193-->[com.google.android.gms:play-services-measurement:18.0.0] AndroidManifest.xml:37:13-35
194            android:exported="false" />
194-->[com.google.android.gms:play-services-measurement:18.0.0] AndroidManifest.xml:38:13-37
195        <service
195-->[com.google.android.gms:play-services-measurement:18.0.0] AndroidManifest.xml:39:9-43:72
196            android:name="com.google.android.gms.measurement.AppMeasurementJobService"
196-->[com.google.android.gms:play-services-measurement:18.0.0] AndroidManifest.xml:40:13-87
197            android:enabled="true"
197-->[com.google.android.gms:play-services-measurement:18.0.0] AndroidManifest.xml:41:13-35
198            android:exported="false"
198-->[com.google.android.gms:play-services-measurement:18.0.0] AndroidManifest.xml:42:13-37
199            android:permission="android.permission.BIND_JOB_SERVICE" />
199-->[com.google.android.gms:play-services-measurement:18.0.0] AndroidManifest.xml:43:13-69
200
201        <provider
201-->[com.google.firebase:firebase-common:19.5.0] AndroidManifest.xml:26:9-31:39
202            android:name="com.google.firebase.provider.FirebaseInitProvider"
202-->[com.google.firebase:firebase-common:19.5.0] AndroidManifest.xml:27:13-77
203            android:authorities="com.example.pomodoroua_flutter.firebaseinitprovider"
203-->[com.google.firebase:firebase-common:19.5.0] AndroidManifest.xml:28:13-72
204            android:directBootAware="true"
204-->[com.google.firebase:firebase-common:19.5.0] AndroidManifest.xml:29:13-43
205            android:exported="false"
205-->[com.google.firebase:firebase-common:19.5.0] AndroidManifest.xml:30:13-37
206            android:initOrder="100" />
206-->[com.google.firebase:firebase-common:19.5.0] AndroidManifest.xml:31:13-36
207
208        <meta-data
208-->[com.google.android.gms:play-services-basement:17.1.0] AndroidManifest.xml:23:9-25:69
209            android:name="com.google.android.gms.version"
209-->[com.google.android.gms:play-services-basement:17.1.0] AndroidManifest.xml:24:13-58
210            android:value="@integer/google_play_services_version" />
210-->[com.google.android.gms:play-services-basement:17.1.0] AndroidManifest.xml:25:13-66
211    </application>
212
213</manifest>